0 info it worked if it ends with ok
1 verbose cli [ '/usr/bin/node', '/usr/bin/npm', 'install' ]
2 info using npm@1.4.28
3 info using node@v0.10.32
4 verbose node symlink /usr/bin/node
5 verbose readDependencies using package.json deps
6 verbose install where, deps [ '/var/www/DevMedia/artigo_node/nwitter',
6 verbose install   [ 'express',
6 verbose install     'ejs',
6 verbose install     'express-load',
6 verbose install     'mongoose',
6 verbose install     'express-validator' ] ]
7 info preinstall nwitter@1.0.0
8 verbose readDependencies using package.json deps
9 verbose already installed skipping express@3.4.4 /var/www/DevMedia/artigo_node/nwitter
10 verbose already installed skipping ejs@0.8.4 /var/www/DevMedia/artigo_node/nwitter
11 verbose already installed skipping express-load@1.1.7 /var/www/DevMedia/artigo_node/nwitter
12 verbose already installed skipping mongoose@3.8.0 /var/www/DevMedia/artigo_node/nwitter
13 verbose cache add [ 'express-validator@3.19.0', null ]
14 verbose cache add name=undefined spec="express-validator@3.19.0" args=["express-validator@3.19.0",null]
15 verbose parsed url { protocol: null,
15 verbose parsed url   slashes: null,
15 verbose parsed url   auth: null,
15 verbose parsed url   host: null,
15 verbose parsed url   port: null,
15 verbose parsed url   hostname: null,
15 verbose parsed url   hash: null,
15 verbose parsed url   search: null,
15 verbose parsed url   query: null,
15 verbose parsed url   pathname: 'express-validator@3.19.0',
15 verbose parsed url   path: 'express-validator@3.19.0',
15 verbose parsed url   href: 'express-validator@3.19.0' }
16 verbose cache add name="express-validator" spec="3.19.0" args=["express-validator","3.19.0"]
17 verbose parsed url { protocol: null,
17 verbose parsed url   slashes: null,
17 verbose parsed url   auth: null,
17 verbose parsed url   host: null,
17 verbose parsed url   port: null,
17 verbose parsed url   hostname: null,
17 verbose parsed url   hash: null,
17 verbose parsed url   search: null,
17 verbose parsed url   query: null,
17 verbose parsed url   pathname: '3.19.0',
17 verbose parsed url   path: '3.19.0',
17 verbose parsed url   href: '3.19.0' }
18 verbose addNamed [ 'express-validator', '3.19.0' ]
19 verbose addNamed [ '3.19.0', '3.19.0' ]
20 silly lockFile f68372d5-express-validator-3-19-0 express-validator@3.19.0
21 verbose lock express-validator@3.19.0 /home/milleo/.npm/f68372d5-express-validator-3-19-0.lock
22 verbose request where is /express-validator
23 verbose request registry https://registry.npmjs.org/
24 verbose request id 7f9b2b886212919b
25 verbose url raw /express-validator
26 verbose url resolving [ 'https://registry.npmjs.org/', './express-validator' ]
27 verbose url resolved https://registry.npmjs.org/express-validator
28 verbose request where is https://registry.npmjs.org/express-validator
29 info trying registry request attempt 1 at 21:13:59
30 verbose etag "4PHKOAW7O9WRFYHP6LXSPZXM3"
31 http GET https://registry.npmjs.org/express-validator
32 http 304 https://registry.npmjs.org/express-validator
33 silly registry.get cb [ 304,
33 silly registry.get   { date: 'Mon, 13 Oct 2014 00:14:00 GMT',
33 silly registry.get     server: 'Apache',
33 silly registry.get     via: '1.1 varnish',
33 silly registry.get     'last-modified': 'Mon, 13 Oct 2014 00:14:00 GMT',
33 silly registry.get     'cache-control': 'max-age=60',
33 silly registry.get     etag: '"4PHKOAW7O9WRFYHP6LXSPZXM3"',
33 silly registry.get     'x-served-by': 'cache-iad2122-IAD',
33 silly registry.get     'x-cache': 'HIT',
33 silly registry.get     'x-cache-hits': '1',
33 silly registry.get     'x-timer': 'S1413159240.068611,VS0,VE9',
33 silly registry.get     vary: 'Accept',
33 silly registry.get     'content-length': '0',
33 silly registry.get     'keep-alive': 'timeout=10, max=50',
33 silly registry.get     connection: 'Keep-Alive' } ]
34 verbose etag https://registry.npmjs.org/express-validator from cache
35 silly lockFile f68372d5-express-validator-3-19-0 express-validator@3.19.0
36 silly lockFile f68372d5-express-validator-3-19-0 express-validator@3.19.0
37 error Error: version not found: express-validator@3.19.0
37 error     at /usr/lib/node_modules/npm/lib/cache/add-named.js:125:12
37 error     at saved (/usr/lib/node_modules/npm/node_modules/npm-registry-client/lib/get.js:167:7)
37 error     at Object.oncomplete (fs.js:107:15)
38 error If you need help, you may report this *entire* log,
38 error including the npm and node versions, at:
38 error     <http://github.com/npm/npm/issues>
39 error System Linux 3.13.0-37-generic
40 error command "/usr/bin/node" "/usr/bin/npm" "install"
41 error cwd /var/www/DevMedia/artigo_node/nwitter
42 error node -v v0.10.32
43 error npm -v 1.4.28
44 verbose exit [ 1, true ]
